[UI_TB]
meihua3=true
fangkuai3=true
heitao3=true
hongtao3=true
meihua4=true
fangkuai4=true
heitao4=true
hongtao4=true
meihua5=true
fangkuai5=true
heitao5=true
hongtao5=true
meihua6=true
fangkuai6=true
heitao6=true
hongtao6=true
meihua7=true
fangkuai7=true
heitao7=true
hongtao7=true
meihua8=true
fangkuai8=true
heitao8=true
hongtao8=true
meihua9=true
fangkuai9=true
heitao9=true
hongtao9=true
meihua10=true
fangkuai10=true
heitao10=true
hongtao10=true
meihua11=true
fangkuai11=true
heitao11=true
hongtao11=true
meihua12=true
fangkuai12=true
heitao12=true
hongtao12=true
meihua13=true
fangkuai13=true
heitao13=true
hongtao13=true
meihua14=true
fangkuai14=true
heitao14=true
hongtao14=true
meihua15=true
fangkuai15=true
heitao15=true
hongtao15=true
16=true
17=true
lose_dz=true
win_dz=true
lose_nm=true
win_nm=true
btn1=true
btn2=true
main seq=true
background=true
[UI_LT]
meihua3=false
fangkuai3=false
heitao3=false
hongtao3=false
meihua4=false
fangkuai4=false
heitao4=false
hongtao4=false
meihua5=false
fangkuai5=false
heitao5=false
hongtao5=false
meihua6=false
fangkuai6=false
heitao6=false
hongtao6=false
meihua7=false
fangkuai7=false
heitao7=false
hongtao7=false
meihua8=false
fangkuai8=false
heitao8=false
hongtao8=false
meihua9=false
fangkuai9=false
heitao9=false
hongtao9=false
meihua10=false
fangkuai10=false
heitao10=false
hongtao10=false
meihua11=false
fangkuai11=false
heitao11=false
hongtao11=false
meihua12=false
fangkuai12=false
heitao12=false
hongtao12=false
meihua13=false
fangkuai13=false
heitao13=false
hongtao13=false
meihua14=false
fangkuai14=false
heitao14=false
hongtao14=false
meihua15=false
fangkuai15=false
heitao15=false
hongtao15=false
16=false
17=false
lose_dz=false
win_dz=false
lose_nm=false
win_nm=false
btn1=false
btn2=false
main seq=false
background=true
[UI_FR]
meihua3=false
fangkuai3=false
heitao3=false
hongtao3=false
meihua4=false
fangkuai4=false
heitao4=false
hongtao4=false
meihua5=false
fangkuai5=false
heitao5=false
hongtao5=false
meihua6=false
fangkuai6=false
heitao6=false
hongtao6=false
meihua7=false
fangkuai7=false
heitao7=false
hongtao7=false
meihua8=false
fangkuai8=false
heitao8=false
hongtao8=false
meihua9=false
fangkuai9=false
heitao9=false
hongtao9=false
meihua10=false
fangkuai10=false
heitao10=false
hongtao10=false
meihua11=false
fangkuai11=false
heitao11=false
hongtao11=false
meihua12=false
fangkuai12=false
heitao12=false
hongtao12=false
meihua13=false
fangkuai13=false
heitao13=false
hongtao13=false
meihua14=false
fangkuai14=false
heitao14=false
hongtao14=false
meihua15=false
fangkuai15=false
heitao15=false
hongtao15=false
16=false
17=false
lose_dz=false
win_dz=false
lose_nm=false
win_nm=false
btn1=false
btn2=false
main seq=false
background=true
[UI_SW]
meihua3=false
fangkuai3=false
heitao3=false
hongtao3=false
meihua4=false
fangkuai4=false
heitao4=false
hongtao4=false
meihua5=false
fangkuai5=false
heitao5=false
hongtao5=false
meihua6=false
fangkuai6=false
heitao6=false
hongtao6=false
meihua7=false
fangkuai7=false
heitao7=false
hongtao7=false
meihua8=false
fangkuai8=false
heitao8=false
hongtao8=false
meihua9=false
fangkuai9=false
heitao9=false
hongtao9=false
meihua10=false
fangkuai10=false
heitao10=false
hongtao10=false
meihua11=false
fangkuai11=false
heitao11=false
hongtao11=false
meihua12=false
fangkuai12=false
heitao12=false
hongtao12=false
meihua13=false
fangkuai13=false
heitao13=false
hongtao13=false
meihua14=false
fangkuai14=false
heitao14=false
hongtao14=false
meihua15=false
fangkuai15=false
heitao15=false
hongtao15=false
16=false
17=false
lose_dz=false
win_dz=false
lose_nm=false
win_nm=false
btn1=false
btn2=false
main seq=false
background=true
[UI_PF]
meihua3=true
fangkuai3=true
heitao3=true
hongtao3=true
meihua4=true
fangkuai4=true
heitao4=true
hongtao4=true
meihua5=true
fangkuai5=true
heitao5=true
hongtao5=true
meihua6=true
fangkuai6=true
heitao6=true
hongtao6=true
meihua7=true
fangkuai7=true
heitao7=true
hongtao7=true
meihua8=true
fangkuai8=true
heitao8=true
hongtao8=true
meihua9=true
fangkuai9=true
heitao9=true
hongtao9=true
meihua10=true
fangkuai10=true
heitao10=true
hongtao10=true
meihua11=true
fangkuai11=true
heitao11=true
hongtao11=true
meihua12=true
fangkuai12=true
heitao12=true
hongtao12=true
meihua13=true
fangkuai13=true
heitao13=true
hongtao13=true
meihua14=true
fangkuai14=true
heitao14=true
hongtao14=true
meihua15=true
fangkuai15=true
heitao15=true
hongtao15=true
16=true
17=true
lose_dz=true
win_dz=true
lose_nm=true
win_nm=true
btn1=true
btn2=true
main seq=true
background=true
[UI_LN]
meihua3=false
fangkuai3=false
heitao3=false
hongtao3=false
meihua4=false
fangkuai4=false
heitao4=false
hongtao4=false
meihua5=false
fangkuai5=false
heitao5=false
hongtao5=false
meihua6=false
fangkuai6=false
heitao6=false
hongtao6=false
meihua7=false
fangkuai7=false
heitao7=false
hongtao7=false
meihua8=false
fangkuai8=false
heitao8=false
hongtao8=false
meihua9=false
fangkuai9=false
heitao9=false
hongtao9=false
meihua10=false
fangkuai10=false
heitao10=false
hongtao10=false
meihua11=false
fangkuai11=false
heitao11=false
hongtao11=false
meihua12=false
fangkuai12=false
heitao12=false
hongtao12=false
meihua13=false
fangkuai13=false
heitao13=false
hongtao13=false
meihua14=false
fangkuai14=false
heitao14=false
hongtao14=false
meihua15=false
fangkuai15=false
heitao15=false
hongtao15=false
16=false
17=false
lose_dz=false
win_dz=false
lose_nm=false
win_nm=false
btn1=false
btn2=false
main seq=false
background=true
[UI_PG]
meihua3=false
fangkuai3=false
heitao3=false
hongtao3=false
meihua4=false
fangkuai4=false
heitao4=false
hongtao4=false
meihua5=false
fangkuai5=false
heitao5=false
hongtao5=false
meihua6=false
fangkuai6=false
heitao6=false
hongtao6=false
meihua7=false
fangkuai7=false
heitao7=false
hongtao7=false
meihua8=false
fangkuai8=false
heitao8=false
hongtao8=false
meihua9=false
fangkuai9=false
heitao9=false
hongtao9=false
meihua10=false
fangkuai10=false
heitao10=false
hongtao10=false
meihua11=false
fangkuai11=false
heitao11=false
hongtao11=false
meihua12=false
fangkuai12=false
heitao12=false
hongtao12=false
meihua13=false
fangkuai13=false
heitao13=false
hongtao13=false
meihua14=false
fangkuai14=false
heitao14=false
hongtao14=false
meihua15=false
fangkuai15=false
heitao15=false
hongtao15=false
16=false
17=false
lose_dz=false
win_dz=false
lose_nm=false
win_nm=false
btn1=false
btn2=false
main seq=false
background=true
